<?xml version="1.0" encoding="UTF-8"?>
<testng-results skipped="2" failed="0" total="2" passed="0">
  <reporter-output>
  </reporter-output>
  <suite name="Default suite" duration-ms="45" started-at="2020-05-23T16:00:12Z" finished-at="2020-05-23T16:00:12Z">
    <groups>
    </groups>
    <test name="Default test" duration-ms="45" started-at="2020-05-23T16:00:12Z" finished-at="2020-05-23T16:00:12Z">
      <class name="scenarios.Chapter_03_IntroducingSetupAndTearDown">
        <test-method status="FAIL" signature="setup()[pri:0, instance:scenarios.Chapter_03_IntroducingSetupAndTearDown@1b68b9a4]" name="setup" is-config="true" duration-ms="0" started-at="2020-05-23T21:30:12Z" finished-at="2020-05-23T21:30:12Z">
          <exception class="java.lang.IllegalStateException">
            <message>
              <![CDATA[The path to the driver executable must be set by the webdriver.chrome.driver system property; for more information, see http://code.google.com/p/selenium/wiki/ChromeDriver. The latest version can be downloaded from http://code.google.com/p/chromedriver/downloads/list]]>
            </message>
            <full-stacktrace>
              <![CDATA[java.lang.IllegalStateException: The path to the driver executable must be set by the webdriver.chrome.driver system property; for more information, see http://code.google.com/p/selenium/wiki/ChromeDriver. The latest version can be downloaded from http://code.google.com/p/chromedriver/downloads/list
	at com.google.common.base.Preconditions.checkState(Preconditions.java:176)
	at org.openqa.selenium.remote.service.DriverService.findExecutable(DriverService.java:105)
	at org.openqa.selenium.chrome.ChromeDriverService.createDefaultService(ChromeDriverService.java:75)
	at org.openqa.selenium.chrome.ChromeDriver.<init>(ChromeDriver.java:107)
	at scenarios.Chapter_03_IntroducingSetupAndTearDown.setup(Chapter_03_IntroducingSetupAndTearDown.java:31)
	at sun.reflect.NativeMethodAccessorImpl.invoke0(Native Method)
	at sun.reflect.NativeMethodAccessorImpl.invoke(NativeMethodAccessorImpl.java:62)
	at sun.reflect.DelegatingMethodAccessorImpl.invoke(DelegatingMethodAccessorImpl.java:43)
	at java.lang.reflect.Method.invoke(Method.java:498)
	at org.testng.internal.MethodInvocationHelper.invokeMethod(MethodInvocationHelper.java:80)
	at org.testng.internal.Invoker.invokeConfigurationMethod(Invoker.java:564)
	at org.testng.internal.Invoker.invokeConfigurations(Invoker.java:213)
	at org.testng.internal.Invoker.invokeMethod(Invoker.java:653)
	at org.testng.internal.Invoker.invokeTestMethod(Invoker.java:901)
	at org.testng.internal.Invoker.invokeTestMethods(Invoker.java:1231)
	at org.testng.internal.TestMethodWorker.invokeTestMethods(TestMethodWorker.java:127)
	at org.testng.internal.TestMethodWorker.run(TestMethodWorker.java:111)
	at org.testng.TestRunner.privateRun(TestRunner.java:767)
	at org.testng.TestRunner.run(TestRunner.java:617)
	at org.testng.SuiteRunner.runTest(SuiteRunner.java:334)
	at org.testng.SuiteRunner.runSequentially(SuiteRunner.java:329)
	at org.testng.SuiteRunner.privateRun(SuiteRunner.java:291)
	at org.testng.SuiteRunner.run(SuiteRunner.java:240)
	at org.testng.SuiteRunnerWorker.runSuite(SuiteRunnerWorker.java:52)
	at org.testng.SuiteRunnerWorker.run(SuiteRunnerWorker.java:86)
	at org.testng.TestNG.runSuitesSequentially(TestNG.java:1198)
	at org.testng.TestNG.runSuitesLocally(TestNG.java:1123)
	at org.testng.TestNG.run(TestNG.java:1031)
	at org.testng.remote.AbstractRemoteTestNG.run(AbstractRemoteTestNG.java:115)
	at org.testng.remote.RemoteTestNG.initAndRun(RemoteTestNG.java:251)
	at org.testng.remote.RemoteTestNG.main(RemoteTestNG.java:77)
]]>
            </full-stacktrace>
          </exception> <!-- java.lang.IllegalStateException -->
          <reporter-output>
          </reporter-output>
        </test-method> <!-- setup -->
        <test-method status="SKIP" signature="testThatResultsAppearForAOneWayJourney()[pri:0, instance:scenarios.Chapter_03_IntroducingSetupAndTearDown@1b68b9a4]" name="testThatResultsAppearForAOneWayJourney" duration-ms="1" started-at="2020-05-23T21:30:12Z" finished-at="2020-05-23T21:30:12Z">
          <reporter-output>
          </reporter-output>
        </test-method> <!-- testThatResultsAppearForAOneWayJourney -->
        <test-method status="SKIP" signature="teardown()[pri:0, instance:scenarios.Chapter_03_IntroducingSetupAndTearDown@1b68b9a4]" name="teardown" is-config="true" duration-ms="0" started-at="2020-05-23T21:30:12Z" finished-at="2020-05-23T21:30:12Z">
          <reporter-output>
          </reporter-output>
        </test-method> <!-- teardown -->
        <test-method status="SKIP" signature="testThatResultsAppearForAReturnJourney()[pri:0, instance:scenarios.Chapter_03_IntroducingSetupAndTearDown@1b68b9a4]" name="testThatResultsAppearForAReturnJourney" duration-ms="1" started-at="2020-05-23T21:30:12Z" finished-at="2020-05-23T21:30:12Z">
          <reporter-output>
          </reporter-output>
        </test-method> <!-- testThatResultsAppearForAReturnJourney -->
        <test-method status="SKIP" signature="setup()[pri:0, instance:scenarios.Chapter_03_IntroducingSetupAndTearDown@1b68b9a4]" name="setup" is-config="true" duration-ms="0" started-at="2020-05-23T21:30:12Z" finished-at="2020-05-23T21:30:12Z">
          <reporter-output>
          </reporter-output>
        </test-method> <!-- setup -->
        <test-method status="SKIP" signature="teardown()[pri:0, instance:scenarios.Chapter_03_IntroducingSetupAndTearDown@1b68b9a4]" name="teardown" is-config="true" duration-ms="0" started-at="2020-05-23T21:30:12Z" finished-at="2020-05-23T21:30:12Z">
          <reporter-output>
          </reporter-output>
        </test-method> <!-- teardown -->
      </class> <!-- scenarios.Chapter_03_IntroducingSetupAndTearDown -->
    </test> <!-- Default test -->
  </suite> <!-- Default suite -->
</testng-results>
